<?xml version="1.0" encoding="UTF-8"?>
<!-- Generated by org.testng.reporters.JUnitXMLReporter -->
<testsuite hostname="DESKTOP-881CB56" ignored="0" name="DemoQA Sanity" tests="5" failures="0" timestamp="07 Mar 2021 22:22:42 GMT" time="71.055" errors="0">
  <testcase name="verifyLoginPageTitle" time="0.248" classname="com.demoqa.test.LoginPageTest"/>
  <testcase name="loginTest1" time="0.792" classname="com.demoqa.test.LoginPageTest"/>
  <testcase name="loginTest2" time="0.541" classname="com.demoqa.test.LoginPageTest"/>
  <testcase name="loginTest3" time="0.541" classname="com.demoqa.test.LoginPageTest"/>
  <testcase name="loginTest4" time="0.519" classname="com.demoqa.test.LoginPageTest"/>
</testsuite> <!-- DemoQA Sanity -->
