<?xml version="1.0" encoding="UTF-8"?>
<testng-results skipped="0" failed="0" ignored="0" total="1" passed="1">
  <reporter-output>
  </reporter-output>
  <suite name="Default suite" duration-ms="8196" started-at="2021-03-08T09:16:18Z" finished-at="2021-03-08T09:16:26Z">
    <groups>
    </groups>
    <test name="Default test" duration-ms="8196" started-at="2021-03-08T09:16:18Z" finished-at="2021-03-08T09:16:26Z">
      <class name="com.demoqa.test.LoginPFTest">
        <test-method status="PASS" signature="setUp()[pri:0, instance:com.demoqa.test.LoginPFTest@43ee72e6]" name="setUp" is-config="true" duration-ms="6659" started-at="2021-03-08T09:16:18Z" finished-at="2021-03-08T09:16:25Z">
          <reporter-output>
          </reporter-output>
        </test-method> <!-- setUp -->
        <test-method status="PASS" signature="loginTest()[pri:0, instance:com.demoqa.test.LoginPFTest@43ee72e6]" name="loginTest" duration-ms="518" started-at="2021-03-08T09:16:25Z" finished-at="2021-03-08T09:16:25Z">
          <reporter-output>
          </reporter-output>
        </test-method> <!-- loginTest -->
        <test-method status="PASS" signature="tearDown()[pri:0, instance:com.demoqa.test.LoginPFTest@43ee72e6]" name="tearDown" is-config="true" duration-ms="807" started-at="2021-03-08T09:16:25Z" finished-at="2021-03-08T09:16:26Z">
          <reporter-output>
          </reporter-output>
        </test-method> <!-- tearDown -->
      </class> <!-- com.demoqa.test.LoginPFTest -->
    </test> <!-- Default test -->
  </suite> <!-- Default suite -->
</testng-results>
